<?xml version="1.0" encoding="utf-8"?><testsuites><testsuite name="pytest" errors="1" failures="0" skipped="0" tests="1" time="1149.965" timestamp="2023-05-30T22:02:59.849340" hostname="ON34C03261455"><testcase classname="" name="Tests.test_suit" time="0.000"><error message="collection failure">Tests\test_suit.py:2: in &lt;module&gt;
    from Training_program_steps import *
Tests\Training_program_steps.py:4102: in &lt;module&gt;
    applicationreview()
Tests\Training_program_steps.py:4055: in applicationreview
    cert = driver.find_element(By.XPATH, '//*[@id="main-content"]/app-new-program-application/div/div/div/app-review-program-application/div/div[2]/div[2]')
C:\Users\DzhohaAl\AppData\Local\Programs\Python\Python311\Lib\site-packages\selenium\webdriver\remote\webdriver.py:831: in find_element
    return self.execute(Command.FIND_ELEMENT, {"using": by, "value": value})["value"]
C:\Users\DzhohaAl\AppData\Local\Programs\Python\Python311\Lib\site-packages\selenium\webdriver\remote\webdriver.py:440: in execute
    self.error_handler.check_response(response)
C:\Users\DzhohaAl\AppData\Local\Programs\Python\Python311\Lib\site-packages\selenium\webdriver\remote\errorhandler.py:245: in check_response
    raise exception_class(message, screen, stacktrace)
E   selenium.common.exceptions.NoSuchElementException: Message: no such element: Unable to locate element: {"method":"xpath","selector":"//*[@id="main-content"]/app-new-program-application/div/div/div/app-review-program-application/div/div[2]/div[2]"}
E     (Session info: chrome=111.0.5563.65)
E   Stacktrace:
E   Backtrace:
E   	(No symbol) [0x00BCDCE3]
E   	(No symbol) [0x00B639D1]
E   	(No symbol) [0x00A74DA8]
E   	(No symbol) [0x00AA019F]
E   	(No symbol) [0x00AA03AB]
E   	(No symbol) [0x00ACEE62]
E   	(No symbol) [0x00ABAF14]
E   	(No symbol) [0x00ACD57C]
E   	(No symbol) [0x00ABACC6]
E   	(No symbol) [0x00A96F68]
E   	(No symbol) [0x00A980CD]
E   	GetHandleVerifier [0x00E43832+2506274]
E   	GetHandleVerifier [0x00E79794+2727300]
E   	GetHandleVerifier [0x00E7E36C+2746716]
E   	GetHandleVerifier [0x00C76690+617600]
E   	(No symbol) [0x00B6C712]
E   	(No symbol) [0x00B71FF8]
E   	(No symbol) [0x00B720DB]
E   	(No symbol) [0x00B7C63B]
E   	BaseThreadInitThunk [0x760C00C9+25]
E   	RtlGetAppContainerNamedObjectPath [0x77287B4E+286]
E   	RtlGetAppContainerNamedObjectPath [0x77287B1E+238]</error></testcase></testsuite></testsuites>